<?xml version="1.0" encoding="UTF-8" ?>
<testsuite failures="0" time="1.373" errors="0" skipped="0" tests="12" name="org.tpl.integration.dao.fantasy.JDBCFantasyTeamDaoTest">
  <properties>
[...]
</properties>
  <testcase time="0.071" classname="org.tpl.integration.dao.fantasy.JDBCFantasyTeamDaoTest" name="testSimpleSaveFantasyTeam"/>
  <testcase time="0.068" classname="org.tpl.integration.dao.fantasy.JDBCFantasyTeamDaoTest" name="testSaveFantasyTeam"/>
  <testcase time="0.072" classname="org.tpl.integration.dao.fantasy.JDBCFantasyTeamDaoTest" name="testGetFantasyTeamById"/>
  <testcase time="0.065" classname="org.tpl.integration.dao.fantasy.JDBCFantasyTeamDaoTest" name="testSaveOrUpdateFantasyTeamRound"/>
  <testcase time="0.04" classname="org.tpl.integration.dao.fantasy.JDBCFantasyTeamDaoTest" name="testGetFantasyTeamRoundByIds"/>
  <testcase time="0.04" classname="org.tpl.integration.dao.fantasy.JDBCFantasyTeamDaoTest" name="testGetFantasyTeamRoundByTeamId"/>
  <testcase time="0.682" classname="org.tpl.integration.dao.fantasy.JDBCFantasyTeamDaoTest" name="testGetFantasyTeamRoundsByFantasyRoundId"/>
  <testcase time="0.058" classname="org.tpl.integration.dao.fantasy.JDBCFantasyTeamDaoTest" name="testGetOfficialFantasyTeamRounds"/>
  <testcase time="0.144" classname="org.tpl.integration.dao.fantasy.JDBCFantasyTeamDaoTest" name="testDeleteFantasyTeam"/>
  <testcase time="0.05" classname="org.tpl.integration.dao.fantasy.JDBCFantasyTeamDaoTest" name="testDeleteFantasyTeamRound"/>
  <testcase time="0.039" classname="org.tpl.integration.dao.fantasy.JDBCFantasyTeamDaoTest" name="testGetNumberOfOfficialTeams"/>
  <testcase time="0.044" classname="org.tpl.integration.dao.fantasy.JDBCFantasyTeamDaoTest" name="testGetNumberOfOfficialWhenRoundIsClosedTeams"/>
</testsuite>